#
# A fatal error has been detected by the Java Runtime Environment:
#
#  EXCEPTION_ACCESS_VIOLATION (0xc0000005) at pc=0x00000000546a1d85, pid=5192, tid=0x00000000000014b4
#
# JRE version: Java(TM) SE Runtime Environment (8.0_131-b11) (build 1.8.0_131-b11)
# Java VM: Java HotSpot(TM) 64-Bit Server VM (25.131-b11 mixed mode windows-amd64 compressed oops)
# Problematic frame:
# V  [jvm.dll+0x511d85]
#
# Failed to write core dump. Minidumps are not enabled by default on client versions of Windows
#
# If you would like to submit a bug report, please visit:
#   http://bugreport.java.com/bugreport/crash.jsp
#

---------------  T H R E A D  ---------------

Current thread (0x00000000197b5800):  JavaThread "C2 CompilerThread0" daemon [_thread_in_native, id=5300, stack(0x000000001af10000,0x000000001b010000)]

siginfo: ExceptionCode=0xc0000005, reading address 0x0000000203f229f0

Registers:
RAX=0x00000000799bb39c, RBX=0x0000000000000001, RCX=0x0000000000000008, RDX=0x0000000000000001
RSP=0x000000001b00c230, RBP=0x000000001b00c330, RSI=0x000000001ea1caa0, RDI=0x000000001b00c710
R8 =0x000000001d835b80, R9 =0x0000000000000002, R10=0x000000001e6b6d80, R11=0x000000001b00c710
R12=0x000000001ca7f7c0, R13=0x0000000000000001, R14=0x000000001fefab20, R15=0x000000001fefaae0
RIP=0x00000000546a1d85, EFLAGS=0x0000000000010206

Top of Stack: (sp=0x000000001b00c230)
0x000000001b00c230:   0000000000000001 000000001ea1cb38
0x000000001b00c240:   000000001b00c330 000000001e6a9990
0x000000001b00c250:   000000001fefbb80 000000001fefbb40
0x000000001b00c260:   0000000000000001 0000000000000000
0x000000001b00c270:   000000001e6a9840 0000001000000002
0x000000001b00c280:   0000000000000000 0000000000000007
0x000000001b00c290:   000000001feba230 0000000000000008
0x000000001b00c2a0:   000000001feb61e0 000000010000019b
0x000000001b00c2b0:   000000001e6b6d80 0000000000000010
0x000000001b00c2c0:   000000001bdf8430 000000000000019b
0x000000001b00c2d0:   0000000000000028 000000001bdf8430
0x000000001b00c2e0:   000000000032c7b0 000000001bdf7ea0
0x000000001b00c2f0:   000000001bdffe88 0000000019777060
0x000000001b00c300:   0000000000000000 0000000000000000
0x000000001b00c310:   0000000000000000 0000000000000000
0x000000001b00c320:   0000000000000000 000000000025a760 

Instructions: (pc=0x00000000546a1d85)
0x00000000546a1d65:   00 00 e8 d4 3d d6 ff e8 4f 49 d8 ff 48 8b 4c 24
0x00000000546a1d75:   68 8b 55 78 4c 8b 87 28 01 00 00 49 63 44 24 28
0x00000000546a1d85:   49 63 34 80 85 f6 0f 84 74 01 00 00 48 8b 47 70
0x00000000546a1d95:   4c 8b 48 20 8b c6 48 6b c0 70 4a 63 5c 08 30 41 


Register to memory mapping:

RAX=0x00000000799bb39c is an unknown value
RBX=0x0000000000000001 is an unknown value
RCX=0x0000000000000008 is an unknown value
RDX=0x0000000000000001 is an unknown value
RSP=0x000000001b00c230 is pointing into the stack for thread: 0x00000000197b5800
RBP=0x000000001b00c330 is pointing into the stack for thread: 0x00000000197b5800
RSI=0x000000001ea1caa0 is an unknown value
RDI=0x000000001b00c710 is pointing into the stack for thread: 0x00000000197b5800
R8 =0x000000001d835b80 is an unknown value
R9 =0x0000000000000002 is an unknown value
R10=0x000000001e6b6d80 is an unknown value
R11=0x000000001b00c710 is pointing into the stack for thread: 0x00000000197b5800
R12=0x000000001ca7f7c0 is an unknown value
R13=0x0000000000000001 is an unknown value
R14=0x000000001fefab20 is an unknown value
R15=0x000000001fefaae0 is an unknown value


Stack: [0x000000001af10000,0x000000001b010000],  sp=0x000000001b00c230,  free space=1008k
Native frames: (J=compiled Java code, j=interpreted, Vv=VM code, C=native code)
V  [jvm.dll+0x511d85]
V  [jvm.dll+0x4694a3]
V  [jvm.dll+0x47465b]
V  [jvm.dll+0x476f67]
V  [jvm.dll+0x4599f2]
V  [jvm.dll+0xa5de2]
V  [jvm.dll+0xa671f]
V  [jvm.dll+0x24537f]
V  [jvm.dll+0x29cc1a]
C  [msvcr100.dll+0x21d9f]
C  [msvcr100.dll+0x21e3b]
C  [KERNEL32.DLL+0x11fe4]
C  [ntdll.dll+0x6efc1]


Current CompileTask:
C2:   4422 2126       4       java.net.URLClassLoader$1::run (5 bytes)


---------------  P R O C E S S  ---------------

Java Threads: ( => current thread )
  0x000000001d79e800 JavaThread "spring.cloud.inetutils" daemon [_thread_in_native, id=1908, stack(0x000000001f960000,0x000000001fa60000)]
  0x000000001c1e3800 JavaThread "spring.cloud.inetutils" daemon [_thread_in_native, id=660, stack(0x000000001da60000,0x000000001db60000)]
  0x000000001be4d800 JavaThread "RMI TCP Accept-0" daemon [_thread_in_native, id=200, stack(0x000000001c450000,0x000000001c550000)]
  0x000000001be45800 JavaThread "RMI TCP Accept-54091" daemon [_thread_in_native, id=5864, stack(0x000000001c350000,0x000000001c450000)]
  0x000000001be22000 JavaThread "RMI TCP Accept-0" daemon [_thread_in_native, id=2992, stack(0x000000001c250000,0x000000001c350000)]
  0x000000001b265800 JavaThread "Service Thread" daemon [_thread_blocked, id=5200, stack(0x000000001b610000,0x000000001b710000)]
  0x00000000197be800 JavaThread "C1 CompilerThread2" daemon [_thread_blocked, id=5140, stack(0x000000001b110000,0x000000001b210000)]
  0x00000000197bb000 JavaThread "C2 CompilerThread1" daemon [_thread_blocked, id=7660, stack(0x000000001b010000,0x000000001b110000)]
=>0x00000000197b5800 JavaThread "C2 CompilerThread0" daemon [_thread_in_native, id=5300, stack(0x000000001af10000,0x000000001b010000)]
  0x00000000197b4000 JavaThread "Attach Listener" daemon [_thread_blocked, id=6028, stack(0x000000001ae10000,0x000000001af10000)]
  0x00000000197b2800 JavaThread "Signal Dispatcher" daemon [_thread_blocked, id=8284, stack(0x000000001ad10000,0x000000001ae10000)]
  0x0000000004c6e800 JavaThread "Finalizer" daemon [_thread_blocked, id=6524, stack(0x000000001aa20000,0x000000001ab20000)]
  0x0000000004c65000 JavaThread "Reference Handler" daemon [_thread_blocked, id=7312, stack(0x000000001a920000,0x000000001aa20000)]
  0x0000000004b75800 JavaThread "main" [_thread_blocked, id=8220, stack(0x0000000004a70000,0x0000000004b70000)]

Other Threads:
  0x0000000019777800 VMThread [stack: 0x000000001a820000,0x000000001a920000] [id=7796]
  0x000000001be51800 WatcherThread [stack: 0x000000001c550000,0x000000001c650000] [id=5980]

VM state:not at safepoint (normal execution)

VM Mutex/Monitor currently owned by a thread: None

Heap:
 PSYoungGen      total 71680K, used 66560K [0x00000000d5e00000, 0x00000000da900000, 0x0000000100000000)
  eden space 66560K, 100% used [0x00000000d5e00000,0x00000000d9f00000,0x00000000d9f00000)
  from space 5120K, 0% used [0x00000000da400000,0x00000000da400000,0x00000000da900000)
  to   space 5120K, 0% used [0x00000000d9f00000,0x00000000d9f00000,0x00000000da400000)
 ParOldGen       total 56832K, used 6603K [0x0000000081a00000, 0x0000000085180000, 0x00000000d5e00000)
  object space 56832K, 11% used [0x0000000081a00000,0x0000000082072cd0,0x0000000085180000)
 Metaspace       used 26012K, capacity 26818K, committed 26880K, reserved 1073152K
  class space    used 3359K, capacity 3562K, committed 3584K, reserved 1048576K

Card table byte_map: [0x0000000014030000,0x0000000014430000] byte_map_base: 0x0000000013c23000

Marking Bits: (ParMarkBitMap*) 0x00000000549ac720
 Begin Bits: [0x0000000014ae0000, 0x0000000016a78000)
 End Bits:   [0x0000000016a78000, 0x0000000018a10000)

Polling page: 0x00000000047a0000

CodeCache: size=245760Kb used=7579Kb max_used=7591Kb free=238180Kb
 bounds [0x0000000004c70000, 0x00000000053e0000, 0x0000000013c70000]
 total_blobs=2626 nmethods=2231 adapters=307
 compilation: enabled

Compilation events (10 events):
Event: 3.893 Thread 0x00000000197be800 2228       3       java.util.logging.LogManager$LoggerContext::ensureDefaultLogger (70 bytes)
Event: 3.894 Thread 0x00000000197be800 nmethod 2228 0x00000000053d5c90 code [0x00000000053d5e40, 0x00000000053d66c8]
Event: 3.894 Thread 0x00000000197bb000 2229   !   4       org.springframework.util.ConcurrentReferenceHashMap$Segment::clear (63 bytes)
Event: 3.896 Thread 0x00000000197be800 2231       3       org.springframework.boot.context.properties.source.ConfigurationPropertyState::search (56 bytes)
Event: 3.896 Thread 0x00000000197be800 nmethod 2231 0x00000000053d4f50 code [0x00000000053d5140, 0x00000000053d5918]
Event: 3.896 Thread 0x00000000197be800 2232       1       org.springframework.boot.context.properties.source.SpringIterableConfigurationPropertySource$Cache::getNames (5 bytes)
Event: 3.897 Thread 0x00000000197be800 nmethod 2232 0x00000000053d4c90 code [0x00000000053d4de0, 0x00000000053d4ef0]
Event: 3.900 Thread 0x00000000197bb000 nmethod 2229 0x00000000053d4390 code [0x00000000053d4520, 0x00000000053d4870]
Event: 3.900 Thread 0x00000000197bb000 2230       4       org.springframework.boot.context.properties.source.ConfigurationPropertyName$$Lambda$41/1742920067::isExcluded (6 bytes)
Event: 3.902 Thread 0x00000000197bb000 nmethod 2230 0x00000000053d3e10 code [0x00000000053d3f60, 0x00000000053d40e8]

GC Heap History (10 events):
Event: 1.270 GC heap before
{Heap before GC invocations=1 (full 0):
 PSYoungGen      total 38400K, used 33280K [0x00000000d5e00000, 0x00000000d8880000, 0x0000000100000000)
  eden space 33280K, 100% used [0x00000000d5e00000,0x00000000d7e80000,0x00000000d7e80000)
  from space 5120K, 0% used [0x00000000d8380000,0x00000000d8380000,0x00000000d8880000)
  to   space 5120K, 0% used [0x00000000d7e80000,0x00000000d7e80000,0x00000000d8380000)
 ParOldGen       total 87552K, used 0K [0x0000000081a00000, 0x0000000086f80000, 0x00000000d5e00000)
  object space 87552K, 0% used [0x0000000081a00000,0x0000000081a00000,0x0000000086f80000)
 Metaspace       used 11413K, capacity 11640K, committed 11776K, reserved 1058816K
  class space    used 1386K, capacity 1470K, committed 1536K, reserved 1048576K
Event: 1.283 GC heap after
Heap after GC invocations=1 (full 0):
 PSYoungGen      total 38400K, used 4725K [0x00000000d5e00000, 0x00000000d8880000, 0x0000000100000000)
  eden space 33280K, 0% used [0x00000000d5e00000,0x00000000d5e00000,0x00000000d7e80000)
  from space 5120K, 92% used [0x00000000d7e80000,0x00000000d831d468,0x00000000d8380000)
  to   space 5120K, 0% used [0x00000000d8380000,0x00000000d8380000,0x00000000d8880000)
 ParOldGen       total 87552K, used 16K [0x0000000081a00000, 0x0000000086f80000, 0x00000000d5e00000)
  object space 87552K, 0% used [0x0000000081a00000,0x0000000081a04000,0x0000000086f80000)
 Metaspace       used 11413K, capacity 11640K, committed 11776K, reserved 1058816K
  class space    used 1386K, capacity 1470K, committed 1536K, reserved 1048576K
}
Event: 1.742 GC heap before
{Heap before GC invocations=2 (full 0):
 PSYoungGen      total 38400K, used 38005K [0x00000000d5e00000, 0x00000000d8880000, 0x0000000100000000)
  eden space 33280K, 100% used [0x00000000d5e00000,0x00000000d7e80000,0x00000000d7e80000)
  from space 5120K, 92% used [0x00000000d7e80000,0x00000000d831d468,0x00000000d8380000)
  to   space 5120K, 0% used [0x00000000d8380000,0x00000000d8380000,0x00000000d8880000)
 ParOldGen       total 87552K, used 16K [0x0000000081a00000, 0x0000000086f80000, 0x00000000d5e00000)
  object space 87552K, 0% used [0x0000000081a00000,0x0000000081a04000,0x0000000086f80000)
 Metaspace       used 14938K, capacity 15304K, committed 15616K, reserved 1062912K
  class space    used 1922K, capacity 2017K, committed 2048K, reserved 1048576K
Event: 1.751 GC heap after
Heap after GC invocations=2 (full 0):
 PSYoungGen      total 38400K, used 5116K [0x00000000d5e00000, 0x00000000da900000, 0x0000000100000000)
  eden space 33280K, 0% used [0x00000000d5e00000,0x00000000d5e00000,0x00000000d7e80000)
  from space 5120K, 99% used [0x00000000d8380000,0x00000000d887f178,0x00000000d8880000)
  to   space 5120K, 0% used [0x00000000d7e80000,0x00000000d7e80000,0x00000000d8380000)
 ParOldGen       total 87552K, used 596K [0x0000000081a00000, 0x0000000086f80000, 0x00000000d5e00000)
  object space 87552K, 0% used [0x0000000081a00000,0x0000000081a95098,0x0000000086f80000)
 Metaspace       used 14938K, capacity 15304K, committed 15616K, reserved 1062912K
  class space    used 1922K, capacity 2017K, committed 2048K, reserved 1048576K
}
Event: 2.117 GC heap before
{Heap before GC invocations=3 (full 0):
 PSYoungGen      total 38400K, used 38396K [0x00000000d5e00000, 0x00000000da900000, 0x0000000100000000)
  eden space 33280K, 100% used [0x00000000d5e00000,0x00000000d7e80000,0x00000000d7e80000)
  from space 5120K, 99% used [0x00000000d8380000,0x00000000d887f178,0x00000000d8880000)
  to   space 5120K, 0% used [0x00000000d7e80000,0x00000000d7e80000,0x00000000d8380000)
 ParOldGen       total 87552K, used 596K [0x0000000081a00000, 0x0000000086f80000, 0x00000000d5e00000)
  object space 87552K, 0% used [0x0000000081a00000,0x0000000081a95098,0x0000000086f80000)
 Metaspace       used 18849K, capacity 19296K, committed 19456K, reserved 1067008K
  class space    used 2397K, capacity 2541K, committed 2560K, reserved 1048576K
Event: 2.125 GC heap after
Heap after GC invocations=3 (full 0):
 PSYoungGen      total 38400K, used 5112K [0x00000000d5e00000, 0x00000000da900000, 0x0000000100000000)
  eden space 33280K, 0% used [0x00000000d5e00000,0x00000000d5e00000,0x00000000d7e80000)
  from space 5120K, 99% used [0x00000000d7e80000,0x00000000d837e318,0x00000000d8380000)
  to   space 5120K, 0% used [0x00000000da400000,0x00000000da400000,0x00000000da900000)
 ParOldGen       total 87552K, used 3392K [0x0000000081a00000, 0x0000000086f80000, 0x00000000d5e00000)
  object space 87552K, 3% used [0x0000000081a00000,0x0000000081d501a0,0x0000000086f80000)
 Metaspace       used 18849K, capacity 19296K, committed 19456K, reserved 1067008K
  class space    used 2397K, capacity 2541K, committed 2560K, reserved 1048576K
}
Event: 2.418 GC heap before
{Heap before GC invocations=4 (full 0):
 PSYoungGen      total 38400K, used 14358K [0x00000000d5e00000, 0x00000000da900000, 0x0000000100000000)
  eden space 33280K, 27% used [0x00000000d5e00000,0x00000000d6707830,0x00000000d7e80000)
  from space 5120K, 99% used [0x00000000d7e80000,0x00000000d837e318,0x00000000d8380000)
  to   space 5120K, 0% used [0x00000000da400000,0x00000000da400000,0x00000000da900000)
 ParOldGen       total 87552K, used 3392K [0x0000000081a00000, 0x0000000086f80000, 0x00000000d5e00000)
  object space 87552K, 3% used [0x0000000081a00000,0x0000000081d501a0,0x0000000086f80000)
 Metaspace       used 20752K, capacity 21176K, committed 21248K, reserved 1067008K
  class space    used 2625K, capacity 2785K, committed 2816K, reserved 1048576K
Event: 2.427 GC heap after
Heap after GC invocations=4 (full 0):
 PSYoungGen      total 71680K, used 5105K [0x00000000d5e00000, 0x00000000da900000, 0x0000000100000000)
  eden space 66560K, 0% used [0x00000000d5e00000,0x00000000d5e00000,0x00000000d9f00000)
  from space 5120K, 99% used [0x00000000da400000,0x00000000da8fc598,0x00000000da900000)
  to   space 5120K, 0% used [0x00000000d9f00000,0x00000000d9f00000,0x00000000da400000)
 ParOldGen       total 87552K, used 5009K [0x0000000081a00000, 0x0000000086f80000, 0x00000000d5e00000)
  object space 87552K, 5% used [0x0000000081a00000,0x0000000081ee44e0,0x0000000086f80000)
 Metaspace       used 20752K, capacity 21176K, committed 21248K, reserved 1067008K
  class space    used 2625K, capacity 2785K, committed 2816K, reserved 1048576K
}
Event: 2.427 GC heap before
{Heap before GC invocations=5 (full 1):
 PSYoungGen      total 71680K, used 5105K [0x00000000d5e00000, 0x00000000da900000, 0x0000000100000000)
  eden space 66560K, 0% used [0x00000000d5e00000,0x00000000d5e00000,0x00000000d9f00000)
  from space 5120K, 99% used [0x00000000da400000,0x00000000da8fc598,0x00000000da900000)
  to   space 5120K, 0% used [0x00000000d9f00000,0x00000000d9f00000,0x00000000da400000)
 ParOldGen       total 87552K, used 5009K [0x0000000081a00000, 0x0000000086f80000, 0x00000000d5e00000)
  object space 87552K, 5% used [0x0000000081a00000,0x0000000081ee44e0,0x0000000086f80000)
 Metaspace       used 20752K, capacity 21176K, committed 21248K, reserved 1067008K
  class space    used 2625K, capacity 2785K, committed 2816K, reserved 1048576K
Event: 2.460 GC heap after
Heap after GC invocations=5 (full 1):
 PSYoungGen      total 71680K, used 0K [0x00000000d5e00000, 0x00000000da900000, 0x0000000100000000)
  eden space 66560K, 0% used [0x00000000d5e00000,0x00000000d5e00000,0x00000000d9f00000)
  from space 5120K, 0% used [0x00000000da400000,0x00000000da400000,0x00000000da900000)
  to   space 5120K, 0% used [0x00000000d9f00000,0x00000000d9f00000,0x00000000da400000)
 ParOldGen       total 56832K, used 6603K [0x0000000081a00000, 0x0000000085180000, 0x00000000d5e00000)
  object space 56832K, 11% used [0x0000000081a00000,0x0000000082072cd0,0x0000000085180000)
 Metaspace       used 20752K, capacity 21176K, committed 21248K, reserved 1067008K
  class space    used 2625K, capacity 2785K, committed 2816K, reserved 1048576K
}

Deoptimization events (10 events):
Event: 1.491 Thread 0x000000001cbc0000 Uncommon trap: reason=unstable_if action=reinterpret pc=0x0000000004ebe714 method=sun.misc.URLClassPath$JarLoader.ensureOpen()V @ 4
Event: 1.823 Thread 0x000000001cbc0000 Uncommon trap: reason=bimorphic action=maybe_recompile pc=0x0000000004fa1ec8 method=java.util.HashMap.putVal(ILjava/lang/Object;Ljava/lang/Object;ZZ)Ljava/lang/Object; @ 203
Event: 1.826 Thread 0x000000001cbc0000 Uncommon trap: reason=bimorphic action=maybe_recompile pc=0x0000000004fa1ec8 method=java.util.HashMap.putVal(ILjava/lang/Object;Ljava/lang/Object;ZZ)Ljava/lang/Object; @ 203
Event: 1.829 Thread 0x000000001cbc0000 Uncommon trap: reason=bimorphic action=maybe_recompile pc=0x0000000004fa1ec8 method=java.util.HashMap.putVal(ILjava/lang/Object;Ljava/lang/Object;ZZ)Ljava/lang/Object; @ 203
Event: 2.241 Thread 0x000000001cbc0000 Uncommon trap: reason=unstable_if action=reinterpret pc=0x00000000050d532c method=com.sun.org.apache.xerces.internal.impl.XMLEntityScanner.scanLiteral(ILcom/sun/org/apache/xerces/internal/xni/XMLString;Z)I @ 570
Event: 2.332 Thread 0x000000001cbc0000 Uncommon trap: reason=unstable_if action=reinterpret pc=0x00000000051083dc method=com.sun.org.apache.xerces.internal.impl.XMLEntityScanner.skipSpaces()Z @ 125
Event: 2.392 Thread 0x000000001cbc0000 Uncommon trap: reason=predicate action=maybe_recompile pc=0x000000000508392c method=java.lang.String.regionMatches(ZILjava/lang/String;II)Z @ 63
Event: 3.140 Thread 0x0000000004b75800 Uncommon trap: reason=unstable_if action=reinterpret pc=0x0000000004fc75bc method=java.util.HashMap.hash(Ljava/lang/Object;)I @ 1
Event: 3.563 Thread 0x0000000004b75800 Uncommon trap: reason=unloaded action=reinterpret pc=0x000000000524cb90 method=org.springframework.util.ConcurrentReferenceHashMap$Segment.restructureIfNecessary(Z)V @ 331
Event: 3.733 Thread 0x0000000004b75800 Uncommon trap: reason=unstable_if action=reinterpret pc=0x00000000052ca1d4 method=java.lang.reflect.Method.equals(Ljava/lang/Object;)Z @ 1

Internal exceptions (10 events):
Event: 3.790 Thread 0x0000000004b75800 Exception <a 'java/lang/ClassNotFoundException': java/lang/ObjectCustomizer> (0x00000000d9924620) thrown at [C:\re\workspace\8-2-build-windows-amd64-cygwin\jdk8u131\8869\hotspot\src\share\vm\classfile\systemDictionary.cpp, line 210]
Event: 3.791 Thread 0x0000000004b75800 Exception <a 'java/lang/ClassNotFoundException': org/springframework/cloud/bootstrap/config/PropertySourceBootstrapPropertiesCustomizer> (0x00000000d9942510) thrown at [C:\re\workspace\8-2-build-windows-amd64-cygwin\jdk8u131\8869\hotspot\src\share\vm\clas
Event: 3.801 Thread 0x0000000004b75800 Exception <a 'java/lang/ClassNotFoundException': java/lang/ObjectCustomizer> (0x00000000d99beb70) thrown at [C:\re\workspace\8-2-build-windows-amd64-cygwin\jdk8u131\8869\hotspot\src\share\vm\classfile\systemDictionary.cpp, line 210]
Event: 3.803 Thread 0x0000000004b75800 Exception <a 'java/lang/ClassNotFoundException': org/springframework/cloud/bootstrap/encrypt/EnvironmentDecryptApplicationInitializerCustomizer> (0x00000000d99de820) thrown at [C:\re\workspace\8-2-build-windows-amd64-cygwin\jdk8u131\8869\hotspot\src\share
Event: 3.805 Thread 0x0000000004b75800 Exception <a 'java/lang/ClassNotFoundException': org/springframework/context/ApplicationContextInitializerCustomizer> (0x00000000d99ff090) thrown at [C:\re\workspace\8-2-build-windows-amd64-cygwin\jdk8u131\8869\hotspot\src\share\vm\classfile\systemDiction
Event: 3.805 Thread 0x0000000004b75800 Exception <a 'java/lang/ClassNotFoundException': org/springframework/core/OrderedCustomizer> (0x00000000d9a0f758) thrown at [C:\re\workspace\8-2-build-windows-amd64-cygwin\jdk8u131\8869\hotspot\src\share\vm\classfile\systemDictionary.cpp, line 210]
Event: 3.813 Thread 0x0000000004b75800 Exception <a 'java/lang/ClassNotFoundException': java/lang/ObjectCustomizer> (0x00000000d9a585c0) thrown at [C:\re\workspace\8-2-build-windows-amd64-cygwin\jdk8u131\8869\hotspot\src\share\vm\classfile\systemDictionary.cpp, line 210]
Event: 3.814 Thread 0x0000000004b75800 Exception <a 'java/lang/ClassNotFoundException': org/springframework/cloud/context/properties/ConfigurationPropertiesRebinderCustomizer> (0x00000000d9a76470) thrown at [C:\re\workspace\8-2-build-windows-amd64-cygwin\jdk8u131\8869\hotspot\src\share\vm\clas
Event: 3.816 Thread 0x0000000004b75800 Exception <a 'java/lang/ClassNotFoundException': org/springframework/context/ApplicationContextAwareCustomizer> (0x00000000d9a99250) thrown at [C:\re\workspace\8-2-build-windows-amd64-cygwin\jdk8u131\8869\hotspot\src\share\vm\classfile\systemDictionary.cp
Event: 3.816 Thread 0x0000000004b75800 Exception <a 'java/lang/ClassNotFoundException': org/springframework/context/ApplicationListenerCustomizer> (0x00000000d9aae188) thrown at [C:\re\workspace\8-2-build-windows-amd64-cygwin\jdk8u131\8869\hotspot\src\share\vm\classfile\systemDictionary.cpp, l

Events (10 events):
Event: 3.884 loading class org/springframework/util/ConcurrentReferenceHashMap$EntrySet done
Event: 3.885 loading class org/springframework/util/ConcurrentReferenceHashMap$EntryIterator
Event: 3.885 loading class org/springframework/util/ConcurrentReferenceHashMap$EntryIterator done
Event: 3.887 loading class org/springframework/util/StopWatch$TaskInfo
Event: 3.887 loading class org/springframework/util/StopWatch$TaskInfo done
Event: 3.891 loading class org/springframework/cloud/bootstrap/BootstrapApplicationListener$AncestorInitializer
Event: 3.891 loading class org/springframework/cloud/bootstrap/BootstrapApplicationListener$AncestorInitializer done
Event: 3.892 loading class org/springframework/cloud/bootstrap/BootstrapApplicationListener$DelegatingEnvironmentDecryptApplicationInitializer
Event: 3.892 loading class org/springframework/cloud/bootstrap/BootstrapApplicationListener$DelegatingEnvironmentDecryptApplicationInitializer done
Event: 4.096 Thread 0x000000001d79e800 Thread added: 0x000000001d79e800


Dynamic libraries:
0x00007ff6a7680000 - 0x00007ff6a76b7000 	C:\Program Files\Java\jdk1.8.0_131\bin\javaw.exe
0x00007fffe45e0000 - 0x00007fffe47c0000 	C:\WINDOWS\SYSTEM32\ntdll.dll
0x00007fffe2220000 - 0x00007fffe22ce000 	C:\WINDOWS\System32\KERNEL32.DLL
0x00007fffe0f20000 - 0x00007fffe1186000 	C:\WINDOWS\System32\KERNELBASE.dll
0x00007fffe28c0000 - 0x00007fffe2961000 	C:\WINDOWS\System32\ADVAPI32.dll
0x00007fffe40e0000 - 0x00007fffe417d000 	C:\WINDOWS\System32\msvcrt.dll
0x00007fffe4180000 - 0x00007fffe41db000 	C:\WINDOWS\System32\sechost.dll
0x00007fffe2970000 - 0x00007fffe2a8f000 	C:\WINDOWS\System32\RPCRT4.dll
0x00007fffe1c00000 - 0x00007fffe1d8f000 	C:\WINDOWS\System32\USER32.dll
0x00007fffe0b10000 - 0x00007fffe0b30000 	C:\WINDOWS\System32\win32u.dll
0x00007fffe40b0000 - 0x00007fffe40d8000 	C:\WINDOWS\System32\GDI32.dll
0x00007fffe0c80000 - 0x00007fffe0e13000 	C:\WINDOWS\System32\gdi32full.dll
0x00007fffe0be0000 - 0x00007fffe0c7b000 	C:\WINDOWS\System32\msvcp_win.dll
0x00007fffe0e20000 - 0x00007fffe0f16000 	C:\WINDOWS\System32\ucrtbase.dll
0x00007fffcea10000 - 0x00007fffcec79000 	C:\WINDOWS\WinSxS\amd64_microsoft.windows.common-controls_6595b64144ccf1df_6.0.16299.309_none_15cfd4c4935e6b11\COMCTL32.dll
0x00007fffe1f10000 - 0x00007fffe2218000 	C:\WINDOWS\System32\combase.dll
0x00007fffe0a30000 - 0x00007fffe0aa2000 	C:\WINDOWS\System32\bcryptPrimitives.dll
0x00007fffe4440000 - 0x00007fffe446d000 	C:\WINDOWS\System32\IMM32.DLL
0x0000000054a30000 - 0x0000000054b02000 	C:\Program Files\Java\jdk1.8.0_131\jre\bin\msvcr100.dll
0x0000000054190000 - 0x0000000054a2c000 	C:\Program Files\Java\jdk1.8.0_131\jre\bin\server\jvm.dll
0x00007fffe4470000 - 0x00007fffe4478000 	C:\WINDOWS\System32\PSAPI.DLL
0x00007fffda1c0000 - 0x00007fffda1c9000 	C:\WINDOWS\SYSTEM32\WSOCK32.dll
0x00007fffd9c00000 - 0x00007fffd9c23000 	C:\WINDOWS\SYSTEM32\WINMM.dll
0x00007fffe4260000 - 0x00007fffe42cc000 	C:\WINDOWS\System32\WS2_32.dll
0x00007fffd9bd0000 - 0x00007fffd9bfa000 	C:\WINDOWS\SYSTEM32\winmmbase.dll
0x00007fffe09e0000 - 0x00007fffe0a2a000 	C:\WINDOWS\System32\cfgmgr32.dll
0x00007fffd9ab0000 - 0x00007fffd9aba000 	C:\WINDOWS\SYSTEM32\VERSION.dll
0x0000000054180000 - 0x000000005418f000 	C:\Program Files\Java\jdk1.8.0_131\jre\bin\verify.dll
0x0000000054150000 - 0x0000000054179000 	C:\Program Files\Java\jdk1.8.0_131\jre\bin\java.dll
0x0000000054130000 - 0x0000000054146000 	C:\Program Files\Java\jdk1.8.0_131\jre\bin\zip.dll
0x00007fffe2c70000 - 0x00007fffe40a6000 	C:\WINDOWS\System32\SHELL32.dll
0x00007fffe1e60000 - 0x00007fffe1f06000 	C:\WINDOWS\System32\shcore.dll
0x00007fffe1190000 - 0x00007fffe18d7000 	C:\WINDOWS\System32\windows.storage.dll
0x00007fffe2c00000 - 0x00007fffe2c51000 	C:\WINDOWS\System32\shlwapi.dll
0x00007fffe09c0000 - 0x00007fffe09d1000 	C:\WINDOWS\System32\kernel.appcore.dll
0x00007fffe0970000 - 0x00007fffe09bc000 	C:\WINDOWS\System32\powrprof.dll
0x00007fffe0950000 - 0x00007fffe096b000 	C:\WINDOWS\System32\profapi.dll
0x0000000054120000 - 0x000000005412d000 	C:\Program Files\Java\jdk1.8.0_131\jre\bin\management.dll
0x0000000054100000 - 0x000000005411a000 	C:\Program Files\Java\jdk1.8.0_131\jre\bin\net.dll
0x00007fffe01c0000 - 0x00007fffe0226000 	C:\WINDOWS\system32\mswsock.dll
0x00000000540e0000 - 0x00000000540f1000 	C:\Program Files\Java\jdk1.8.0_131\jre\bin\nio.dll
0x00007fffdab30000 - 0x00007fffdab46000 	C:\WINDOWS\system32\napinsp.dll
0x00007fffdab50000 - 0x00007fffdab6a000 	C:\WINDOWS\system32\pnrpnsp.dll
0x00007fffdd880000 - 0x00007fffdd898000 	C:\WINDOWS\system32\NLAapi.dll
0x00007fffdff90000 - 0x00007fffe0046000 	C:\WINDOWS\SYSTEM32\DNSAPI.dll
0x00007fffe2c60000 - 0x00007fffe2c68000 	C:\WINDOWS\System32\NSI.dll
0x00007fffdff50000 - 0x00007fffdff89000 	C:\WINDOWS\SYSTEM32\IPHLPAPI.DLL
0x00007fffdab70000 - 0x00007fffdab7e000 	C:\WINDOWS\System32\winrnr.dll
0x00007fffdc500000 - 0x00007fffdc50a000 	C:\Windows\System32\rasadhlp.dll
0x00007fffde4f0000 - 0x00007fffde560000 	C:\WINDOWS\System32\fwpuclnt.dll
0x00007fffe0490000 - 0x00007fffe04b5000 	C:\WINDOWS\SYSTEM32\bcrypt.dll
0x00007fffe0390000 - 0x00007fffe03a7000 	C:\WINDOWS\SYSTEM32\CRYPTSP.dll
0x00007fffdfdc0000 - 0x00007fffdfdf3000 	C:\WINDOWS\system32\rsaenh.dll
0x00007fffe0860000 - 0x00007fffe0889000 	C:\WINDOWS\SYSTEM32\USERENV.dll
0x00007fffe0380000 - 0x00007fffe038b000 	C:\WINDOWS\SYSTEM32\CRYPTBASE.dll
0x00007fffde4d0000 - 0x00007fffde4e6000 	C:\WINDOWS\SYSTEM32\dhcpcsvc6.DLL
0x00007fffde4b0000 - 0x00007fffde4ca000 	C:\WINDOWS\SYSTEM32\dhcpcsvc.DLL
0x00007fffdc540000 - 0x00007fffdc708000 	C:\WINDOWS\SYSTEM32\dbghelp.dll

VM Arguments:
jvm_args: -Dcom.sun.management.jmxremote -Dcom.sun.management.jmxremote.port=54091 -Dcom.sun.management.jmxremote.authenticate=false -Dcom.sun.management.jmxremote.ssl=false -Djava.rmi.server.hostname=localhost -Dspring.liveBeansView.mbeanDomain -Dspring.application.admin.enabled=true -Dfile.encoding=UTF-8 
java_command: com.pos.portal.AuthServerApplication.AuthServerApplication --spring.output.ansi.enabled=always
java_class_path (initial): E:\myApp\myApp\AuthServerApplication\AuthServerApplication\target\classes;C:\Users\ravi.kumar\.m2\repository\org\springframework\cloud\spring-cloud-starter-oauth2\2.0.0.M3\spring-cloud-starter-oauth2-2.0.0.M3.jar;C:\Users\ravi.kumar\.m2\repository\org\springframework\cloud\spring-cloud-starter-security\2.0.0.M3\spring-cloud-starter-security-2.0.0.M3.jar;C:\Users\ravi.kumar\.m2\repository\org\springframework\boot\spring-boot-starter-actuator\2.0.0.RELEASE\spring-boot-starter-actuator-2.0.0.RELEASE.jar;C:\Users\ravi.kumar\.m2\repository\org\springframework\boot\spring-boot-actuator-autoconfigure\2.0.0.RELEASE\spring-boot-actuator-autoconfigure-2.0.0.RELEASE.jar;C:\Users\ravi.kumar\.m2\repository\org\springframework\boot\spring-boot-actuator\2.0.0.RELEASE\spring-boot-actuator-2.0.0.RELEASE.jar;C:\Users\ravi.kumar\.m2\repository\io\micrometer\micrometer-core\1.0.1\micrometer-core-1.0.1.jar;C:\Users\ravi.kumar\.m2\repository\org\hdrhistogram\HdrHistogram\2.1.10\HdrHistogram-2.1.10.jar;C:\Users\ravi.kumar\.m2\repository\org\latencyutils\LatencyUtils\2.0.3\LatencyUtils-2.0.3.jar;C:\Users\ravi.kumar\.m2\repository\org\springframework\cloud\spring-cloud-security\2.0.0.M3\spring-cloud-security-2.0.0.M3.jar;C:\Users\ravi.kumar\.m2\repository\org\springframework\boot\spring-boot-starter-security\2.0.0.RELEASE\spring-boot-starter-security-2.0.0.RELEASE.jar;C:\Users\ravi.kumar\.m2\repository\org\springframework\security\oauth\boot\spring-security-oauth2-autoconfigure\2.0.0.RELEASE\spring-security-oauth2-autoconfigure-2.0.0.RELEASE.jar;C:\Users\ravi.kumar\.m2\repository\com\fasterxml\jackson\core\jackson-annotations\2.9.0\jackson-annotations-2.9.0.jar;C:\Users\ravi.kumar\.m2\repository\org\springframework\boot\spring-boot\2.0.0.RELEASE\spring-boot-2.0.0.RELEASE.jar;C:\Users\ravi.kumar\.m2\repository\org\springframework\boot\spring-boot-autoconfigure\2.0.0.RELEASE\spring-boot-autoconfigure-2.0.0.RELEASE.jar;C:\Users\ravi.kumar\.m2\repository\org\springf
Launcher Type: SUN_STANDARD

Environment Variables:
PATH=C:/Program Files/Java/jre1.8.0_161/bin/server;C:/Program Files/Java/jre1.8.0_161/bin;C:/Program Files/Java/jre1.8.0_161/lib/amd64;C:\ProgramData\Oracle\Java\javapath;C:\WINDOWS\system32;C:\WINDOWS;C:\WINDOWS\System32\Wbem;C:\WINDOWS\System32\WindowsPowerShell\v1.0\;C:\Program Files (x86)\Skype\Phone\;C:\Program Files\TortoiseSVN\bin;C:\Program Files\PuTTY\;C:\Program Files\nodejs\;C:\Program Files\Java\jdk1.8.0_131\jre\lib\security;C:\Program Files (x86)\Yarn\bin;C:\Users\ravi.kumar\AppData\Local\Microsoft\WindowsApps;C:\Users\ravi.kumar\AppData\Local\Programs\Git\cmd;C:\Users\ravi.kumar\AppData\Roaming\npm;C:\Program Files\Microsoft VS Code\bin;C:\Users\ravi.kumar\AppData\Local\Yarn\bin;;C:\Users\ravi.kumar\Desktop\download data 5 oct\spring-tool-suite-3.8.4.RELEASE-e4.6.3-win32-x86_64\sts-bundle\sts-3.8.4.RELEASE;
USERNAME=Ravi.Kumar
OS=Windows_NT
PROCESSOR_IDENTIFIER=Intel64 Family 6 Model 58 Stepping 9, GenuineIntel



---------------  S Y S T E M  ---------------

OS: Windows 10.0 , 64 bit Build 16299 (10.0.16299.15)

CPU:total 4 (initial active 4) (2 cores per cpu, 2 threads per core) family 6 model 58 stepping 9, cmov, cx8, fxsr, mmx, sse, sse2, sse3, ssse3, sse4.1, sse4.2, popcnt, avx, clmul, erms, ht, tsc, tscinvbit, tscinv

Memory: 4k page, physical 8279576k(3940548k free), swap 9590296k(4075072k free)

vm_info: Java HotSpot(TM) 64-Bit Server VM (25.131-b11) for windows-amd64 JRE (1.8.0_131-b11), built on Mar 15 2017 01:23:53 by "java_re" with MS VC++ 10.0 (VS2010)

time: Tue Apr 03 17:17:49 2018
elapsed time: 4 seconds (0d 0h 0m 4s)

